<?xml version="1.0" encoding="UTF-8"?>
<testsuite name="CalculatorTest" tests="4" skipped="0" failures="0" errors="0" timestamp="2019-10-23T08:18:42" hostname="nb1522" time="0.011">
  <properties/>
  <testcase name="test1()" classname="CalculatorTest" time="0.008"/>
  <testcase name="test2()" classname="CalculatorTest" time="0.0"/>
  <testcase name="test3()" classname="CalculatorTest" time="0.001"/>
  <testcase name="test4()" classname="CalculatorTest" time="0.001"/>
  <system-out><![CDATA[]]></system-out>
  <system-err><![CDATA[]]></system-err>
</testsuite>
